<?xml version="1.0" encoding="UTF-8"?>
<coverage generated="1742412290047" clover="3.2.0">
  <project timestamp="1742412290047" name="All files">
    <metrics statements="12" coveredstatements="7" conditionals="2" coveredconditionals="2" methods="5" coveredmethods="2" elements="19" coveredelements="11" complexity="0" loc="12" ncloc="12" packages="1" files="1" classes="1"/>
    <file name="utils.js" path="/Users/saivedant169/Desktop/ud-cps-518-fakeflix/src/utils.js">
      <metrics statements="12" coveredstatements="7" conditionals="2" coveredconditionals="2" methods="5" coveredmethods="2"/>
      <line num="1" count="2" type="stmt"/>
      <line num="2" count="0" type="stmt"/>
      <line num="3" count="0" type="stmt"/>
      <line num="4" count="0" type="stmt"/>
      <line num="6" count="0" type="stmt"/>
      <line num="9" count="2" type="stmt"/>
      <line num="11" count="2" type="stmt"/>
      <line num="12" count="3" type="stmt"/>
      <line num="15" count="2" type="stmt"/>
      <line num="16" count="0" type="stmt"/>
      <line num="19" count="2" type="stmt"/>
      <line num="20" count="3" type="cond" truecount="2" falsecount="0"/>
    </file>
  </project>
</coverage>
