{
  "/Users/saivedant169/Desktop/ud-cps-518-fakeflix/src/utils.js": {
    "path": "/Users/saivedant169/Desktop/ud-cps-518-fakeflix/src/utils.js",
    "statementMap": {
      "0": {
        "start": { "line": 1, "column": 41 },
        "end": { "line": 7, "column": 1 }
      },
      "1": {
        "start": { "line": 2, "column": 15 },
        "end": { "line": 2, "column": 25 }
      },
      "2": {
        "start": { "line": 3, "column": 4 },
        "end": { "line": 3, "column": 39 }
      },
      "3": {
        "start": { "line": 4, "column": 24 },
        "end": { "line": 4, "column": 49 }
      },
      "4": {
        "start": { "line": 6, "column": 4 },
        "end": { "line": 6, "column": 25 }
      },
      "5": {
        "start": { "line": 9, "column": 30 },
        "end": { "line": 9, "column": 53 }
      },
      "6": {
        "start": { "line": 9, "column": 38 },
        "end": { "line": 9, "column": 53 }
      },
      "7": {
        "start": { "line": 11, "column": 37 },
        "end": { "line": 13, "column": 1 }
      },
      "8": {
        "start": { "line": 12, "column": 4 },
        "end": { "line": 12, "column": 48 }
      },
      "9": {
        "start": { "line": 15, "column": 25 },
        "end": { "line": 17, "column": 1 }
      },
      "10": {
        "start": { "line": 16, "column": 4 },
        "end": { "line": 16, "column": 47 }
      },
      "11": {
        "start": { "line": 19, "column": 24 },
        "end": { "line": 21, "column": 1 }
      },
      "12": {
        "start": { "line": 20, "column": 4 },
        "end": { "line": 20, "column": 59 }
      }
    },
    "fnMap": {
      "0": {
        "name": "(anonymous_0)",
        "decl": {
          "start": { "line": 1, "column": 41 },
          "end": { "line": 1, "column": 42 }
        },
        "loc": {
          "start": { "line": 1, "column": 47 },
          "end": { "line": 7, "column": 1 }
        },
        "line": 1
      },
      "1": {
        "name": "(anonymous_1)",
        "decl": {
          "start": { "line": 9, "column": 30 },
          "end": { "line": 9, "column": 31 }
        },
        "loc": {
          "start": { "line": 9, "column": 38 },
          "end": { "line": 9, "column": 53 }
        },
        "line": 9
      },
      "2": {
        "name": "(anonymous_2)",
        "decl": {
          "start": { "line": 11, "column": 37 },
          "end": { "line": 11, "column": 38 }
        },
        "loc": {
          "start": { "line": 12, "column": 4 },
          "end": { "line": 12, "column": 48 }
        },
        "line": 12
      },
      "3": {
        "name": "(anonymous_3)",
        "decl": {
          "start": { "line": 15, "column": 25 },
          "end": { "line": 15, "column": 26 }
        },
        "loc": {
          "start": { "line": 16, "column": 4 },
          "end": { "line": 16, "column": 47 }
        },
        "line": 16
      },
      "4": {
        "name": "(anonymous_4)",
        "decl": {
          "start": { "line": 19, "column": 24 },
          "end": { "line": 19, "column": 25 }
        },
        "loc": {
          "start": { "line": 20, "column": 4 },
          "end": { "line": 20, "column": 59 }
        },
        "line": 20
      }
    },
    "branchMap": {
      "0": {
        "loc": {
          "start": { "line": 20, "column": 4 },
          "end": { "line": 20, "column": 59 }
        },
        "type": "cond-expr",
        "locations": [
          {
            "start": { "line": 20, "column": 23 },
            "end": { "line": 20, "column": 52 }
          },
          {
            "start": { "line": 20, "column": 55 },
            "end": { "line": 20, "column": 59 }
          }
        ],
        "line": 20
      }
    },
    "s": {
      "0": 2,
      "1": 0,
      "2": 0,
      "3": 0,
      "4": 0,
      "5": 2,
      "6": 0,
      "7": 2,
      "8": 3,
      "9": 2,
      "10": 0,
      "11": 2,
      "12": 3
    },
    "f": { "0": 0, "1": 0, "2": 3, "3": 0, "4": 3 },
    "b": { "0": [2, 1] },
    "_coverageSchema": "1a1c01bbd47fc00a2c39e90264f33305004495a9",
    "hash": "4c326b002ac75c039075a80ee97af4a18c7abadd"
  }
}
